remark: C:/Xilinx/Vitis_HLS/2023.2/tps/mingw/8.3.0/win64.o/nt\lib\gcc\x86_64-w64-mingw32\8.3.0\include\c++\bits/alloc_traits.h:436:0: Inlining function '__gnu_cxx::new_allocator<NeuronaLIF>::allocate(unsigned long, void const*)' into 'std::allocator_traits<std::allocator<NeuronaLIF> >::allocate(std::allocator<NeuronaLIF>&, unsigned long)'
remark: C:/Xilinx/Vitis_HLS/2023.2/tps/mingw/8.3.0/win64.o/nt\lib\gcc\x86_64-w64-mingw32\8.3.0\include\c++\bits/stl_vector.h:294:0: Inlining function 'std::allocator_traits<std::allocator<NeuronaLIF> >::allocate(std::allocator<NeuronaLIF>&, unsigned long)' into 'std::_Vector_base<NeuronaLIF, std::allocator<NeuronaLIF> >::_M_allocate(unsigned long)'
remark: C:/Xilinx/Vitis_HLS/2023.2/tps/mingw/8.3.0/win64.o/nt\lib\gcc\x86_64-w64-mingw32\8.3.0\include\c++\bits/stl_vector.h:310:0: Inlining function 'std::_Vector_base<NeuronaLIF, std::allocator<NeuronaLIF> >::_M_allocate(unsigned long)' into 'std::_Vector_base<NeuronaLIF, std::allocator<NeuronaLIF> >::_M_create_storage(unsigned long)'
remark: C:/Xilinx/Vitis_HLS/2023.2/tps/mingw/8.3.0/win64.o/nt\lib\gcc\x86_64-w64-mingw32\8.3.0\include\c++\bits/stl_vector.h:260:0: Inlining function 'std::_Vector_base<NeuronaLIF, std::allocator<NeuronaLIF> >::_Vector_impl::_Vector_impl(std::allocator<NeuronaLIF> const&) (.85)' into 'std::_Vector_base<NeuronaLIF, std::allocator<NeuronaLIF> >::_Vector_base(unsigned long, std::allocator<NeuronaLIF> const&) (.82)'
remark: C:/Xilinx/Vitis_HLS/2023.2/tps/mingw/8.3.0/win64.o/nt\lib\gcc\x86_64-w64-mingw32\8.3.0\include\c++\bits/stl_vector.h:260:0: Inlining function 'std::_Vector_base<NeuronaLIF, std::allocator<NeuronaLIF> >::_M_create_storage(unsigned long)' into 'std::_Vector_base<NeuronaLIF, std::allocator<NeuronaLIF> >::_Vector_base(unsigned long, std::allocator<NeuronaLIF> const&) (.82)'
remark: C:/Xilinx/Vitis_HLS/2023.2/tps/mingw/8.3.0/win64.o/nt\lib\gcc\x86_64-w64-mingw32\8.3.0\include\c++\bits/stl_construct.h:75:0: Inlining function 'NeuronaLIF::NeuronaLIF()' into 'void std::_Construct<NeuronaLIF>(NeuronaLIF*)'
remark: C:/Xilinx/Vitis_HLS/2023.2/tps/mingw/8.3.0/win64.o/nt\lib\gcc\x86_64-w64-mingw32\8.3.0\include\c++\bits/stl_uninitialized.h:522:0: Inlining function 'void std::_Construct<NeuronaLIF>(NeuronaLIF*)' into 'NeuronaLIF* std::__uninitialized_default_n_1<false>::__uninit_default_n<NeuronaLIF*, unsigned long>(NeuronaLIF*, unsigned long)'
remark: C:/Xilinx/Vitis_HLS/2023.2/tps/mingw/8.3.0/win64.o/nt\lib\gcc\x86_64-w64-mingw32\8.3.0\include\c++\bits/stl_uninitialized.h:575:0: Inlining function 'NeuronaLIF* std::__uninitialized_default_n_1<false>::__uninit_default_n<NeuronaLIF*, unsigned long>(NeuronaLIF*, unsigned long)' into 'NeuronaLIF* std::__uninitialized_default_n<NeuronaLIF*, unsigned long>(NeuronaLIF*, unsigned long)'
remark: C:/Xilinx/Vitis_HLS/2023.2/tps/mingw/8.3.0/win64.o/nt\lib\gcc\x86_64-w64-mingw32\8.3.0\include\c++\bits/stl_uninitialized.h:645:0: Inlining function 'NeuronaLIF* std::__uninitialized_default_n<NeuronaLIF*, unsigned long>(NeuronaLIF*, unsigned long)' into 'NeuronaLIF* std::__uninitialized_default_n_a<NeuronaLIF*, unsigned long, NeuronaLIF>(NeuronaLIF*, unsigned long, std::allocator<NeuronaLIF>&)'
remark: C:/Xilinx/Vitis_HLS/2023.2/tps/mingw/8.3.0/win64.o/nt\lib\gcc\x86_64-w64-mingw32\8.3.0\include\c++\bits/stl_vector.h:1488:0: Inlining function 'NeuronaLIF* std::__uninitialized_default_n_a<NeuronaLIF*, unsigned long, NeuronaLIF>(NeuronaLIF*, unsigned long, std::allocator<NeuronaLIF>&)' into 'std::vector<NeuronaLIF, std::allocator<NeuronaLIF> >::_M_default_initialize(unsigned long) (.91)'
remark: C:/Xilinx/Vitis_HLS/2023.2/tps/mingw/8.3.0/win64.o/nt\lib\gcc\x86_64-w64-mingw32\8.3.0\include\c++\bits/stl_vector.h:417:0: Inlining function 'std::_Vector_base<NeuronaLIF, std::allocator<NeuronaLIF> >::_Vector_base(unsigned long, std::allocator<NeuronaLIF> const&) (.82)' into 'std::vector<NeuronaLIF, std::allocator<NeuronaLIF> >::vector(unsigned long, std::allocator<NeuronaLIF> const&)'
remark: C:/Xilinx/Vitis_HLS/2023.2/tps/mingw/8.3.0/win64.o/nt\lib\gcc\x86_64-w64-mingw32\8.3.0\include\c++\bits/stl_vector.h:417:0: Inlining function 'std::vector<NeuronaLIF, std::allocator<NeuronaLIF> >::_M_default_initialize(unsigned long) (.91)' into 'std::vector<NeuronaLIF, std::allocator<NeuronaLIF> >::vector(unsigned long, std::allocator<NeuronaLIF> const&)'
remark: C:/Xilinx/Vitis_HLS/2023.2/tps/mingw/8.3.0/win64.o/nt\lib\gcc\x86_64-w64-mingw32\8.3.0\include\c++\bits/random.h:147:0: Inlining function 'std::__detail::_Mod<unsigned int, 0u, 1u, 0u, true, false>::__calc(unsigned int)' into 'unsigned int std::__detail::__mod<unsigned int, 0u, 1u, 0u>(unsigned int)'
remark: C:/Xilinx/Vitis_HLS/2023.2/tps/mingw/8.3.0/win64.o/nt\lib\gcc\x86_64-w64-mingw32\8.3.0\include\c++\bits/random.h:147:0: Inlining function 'std::__detail::_Mod<unsigned int, 624u, 1u, 0u, true, true>::__calc(unsigned int)' into 'unsigned int std::__detail::__mod<unsigned int, 624u, 1u, 0u>(unsigned int)'
remark: C:/Xilinx/Vitis_HLS/2023.2/tps/mingw/8.3.0/win64.o/nt\lib\gcc\x86_64-w64-mingw32\8.3.0\include\c++\bits/random.tcc:327:0: Inlining function 'unsigned int std::__detail::__mod<unsigned int, 0u, 1u, 0u>(unsigned int)' into 'std::mersenne_twister_engine<unsigned int, 32ul, 624ul, 397ul, 31ul, 2567483615u, 11ul, 4294967295u, 7ul, 2636928640u, 15ul, 4022730752u, 18ul, 1812433253u>::seed(unsigned int)'
remark: C:/Xilinx/Vitis_HLS/2023.2/tps/mingw/8.3.0/win64.o/nt\lib\gcc\x86_64-w64-mingw32\8.3.0\include\c++\bits/random.tcc:327:0: Inlining function 'unsigned int std::__detail::__mod<unsigned int, 624u, 1u, 0u>(unsigned int)' into 'std::mersenne_twister_engine<unsigned int, 32ul, 624ul, 397ul, 31ul, 2567483615u, 11ul, 4294967295u, 7ul, 2636928640u, 15ul, 4022730752u, 18ul, 1812433253u>::seed(unsigned int)'
remark: C:/Xilinx/Vitis_HLS/2023.2/tps/mingw/8.3.0/win64.o/nt\lib\gcc\x86_64-w64-mingw32\8.3.0\include\c++\bits/random.h:489:0: Inlining function 'std::mersenne_twister_engine<unsigned int, 32ul, 624ul, 397ul, 31ul, 2567483615u, 11ul, 4294967295u, 7ul, 2636928640u, 15ul, 4022730752u, 18ul, 1812433253u>::seed(unsigned int)' into 'std::mersenne_twister_engine<unsigned int, 32ul, 624ul, 397ul, 31ul, 2567483615u, 11ul, 4294967295u, 7ul, 2636928640u, 15ul, 4022730752u, 18ul, 1812433253u>::mersenne_twister_engine(unsigned int)'
remark: C:\scratch\2023.2.2\hls_product\64\2023.2.2\src\shared\hls\clib/hlsmath/include/FloatingPoint\hls_case_IEEE754.h:65:0: Inlining function 'fp_struct<double>::fp_struct(double)' into 'unsigned long long generic_cast_IEEE754<unsigned long long, (ap_q_mode)6, double>(double, bool, hls::enable_if<!(std::numeric_limits<unsigned long long>::is_signed), bool>::type)'
remark: C:\scratch\2023.2.2\hls_product\64\2023.2.2\src\shared\hls\clib/hlsmath/include/FloatingPoint\hls_case_IEEE754.h:65:0: Inlining function 'fp_struct<double>::mantissa() const' into 'unsigned long long generic_cast_IEEE754<unsigned long long, (ap_q_mode)6, double>(double, bool, hls::enable_if<!(std::numeric_limits<unsigned long long>::is_signed), bool>::type)'
remark: C:\scratch\2023.2.2\hls_product\64\2023.2.2\src\shared\hls\clib/hlsmath/include/FloatingPoint\hls_case_IEEE754.h:65:0: Inlining function 'fp_struct<double>::expv() const' into 'unsigned long long generic_cast_IEEE754<unsigned long long, (ap_q_mode)6, double>(double, bool, hls::enable_if<!(std::numeric_limits<unsigned long long>::is_signed), bool>::type)'
remark: C:\scratch\2023.2.2\hls_product\64\2023.2.2\src\shared\hls\clib/hlsmath/include/FloatingPoint\hls_case_IEEE754.h:116:0: Inlining function 'unsigned long long generic_cast_IEEE754<unsigned long long, (ap_q_mode)6, double>(double, bool, hls::enable_if<!(std::numeric_limits<unsigned long long>::is_signed), bool>::type)' into 'unsigned long long generic_cast_IEEE754<unsigned long long, double>(double, bool)'
remark: C:\scratch\2023.2.2\hls_product\64\2023.2.2\src\shared\hls\clib\hlsmath\src\lib_floatconversion.cpp:70:0: Inlining function 'unsigned long long generic_cast_IEEE754<unsigned long long, double>(double, bool)' into '__hls_fptoui_double_i64'
remark: C:/Xilinx/Vitis_HLS/2023.2/tps/mingw/8.3.0/win64.o/nt\lib\gcc\x86_64-w64-mingw32\8.3.0\include\c++\bits/random.tcc:453:0: Inlining function 'std::mersenne_twister_engine<unsigned int, 32ul, 624ul, 397ul, 31ul, 2567483615u, 11ul, 4294967295u, 7ul, 2636928640u, 15ul, 4022730752u, 18ul, 1812433253u>::_M_gen_rand()' into 'std::mersenne_twister_engine<unsigned int, 32ul, 624ul, 397ul, 31ul, 2567483615u, 11ul, 4294967295u, 7ul, 2636928640u, 15ul, 4022730752u, 18ul, 1812433253u>::operator()()'
remark: C:\scratch\2023.2.2\hls_product\64\2023.2.2\src\shared\hls\clib/src/hls\utils/x_hls_utils.h:494:0: Inlining function 'fp_struct<double>::data() const' into 'fp_struct<double>::to_double() const'
remark: C:\scratch\2023.2.2\hls_product\64\2023.2.2\src\shared\hls\clib/src/hls\utils/x_hls_utils.h:509:0: Inlining function 'fp_struct<double>::to_double() const' into 'fp_struct<double>::to_ieee() const'
remark: C:\scratch\2023.2.2\hls_product\64\2023.2.2\src\shared\hls\clib/hlsmath/include/FloatingPoint\hls_nextafter.h:18:0: Inlining function 'fp_struct<double>::to_ieee() const' into 'double generic_nextafter<double>(double, double)'
remark: C:\scratch\2023.2.2\hls_product\64\2023.2.2\src\shared\hls\clib\hlsmath\src\c\nextafterdouble.cpp:6:0: Inlining function 'double generic_nextafter<double>(double, double)' into 'nextafter'
remark: C:/Xilinx/Vitis_HLS/2023.2/tps/mingw/8.3.0/win64.o/nt\lib\gcc\x86_64-w64-mingw32\8.3.0\include\c++\bits/random.tcc:3316:0: Inlining function 'std::log(long double)' into 'double std::generate_canonical<double, 53ul, std::mersenne_twister_engine<unsigned int, 32ul, 624ul, 397ul, 31ul, 2567483615u, 11ul, 4294967295u, 7ul, 2636928640u, 15ul, 4022730752u, 18ul, 1812433253u> >(std::mersenne_twister_engine<unsigned int, 32ul, 624ul, 397ul, 31ul, 2567483615u, 11ul, 4294967295u, 7ul, 2636928640u, 15ul, 4022730752u, 18ul, 1812433253u>&)'
remark: C:/Xilinx/Vitis_HLS/2023.2/tps/mingw/8.3.0/win64.o/nt\lib\gcc\x86_64-w64-mingw32\8.3.0\include\c++\bits/random.tcc:3316:0: Inlining function '__hls_fptoui_double_i64' into 'double std::generate_canonical<double, 53ul, std::mersenne_twister_engine<unsigned int, 32ul, 624ul, 397ul, 31ul, 2567483615u, 11ul, 4294967295u, 7ul, 2636928640u, 15ul, 4022730752u, 18ul, 1812433253u> >(std::mersenne_twister_engine<unsigned int, 32ul, 624ul, 397ul, 31ul, 2567483615u, 11ul, 4294967295u, 7ul, 2636928640u, 15ul, 4022730752u, 18ul, 1812433253u>&)'
remark: C:/Xilinx/Vitis_HLS/2023.2/tps/mingw/8.3.0/win64.o/nt\lib\gcc\x86_64-w64-mingw32\8.3.0\include\c++\bits/random.tcc:3316:0: Inlining function 'unsigned long const& std::max<unsigned long>(unsigned long const&, unsigned long const&)' into 'double std::generate_canonical<double, 53ul, std::mersenne_twister_engine<unsigned int, 32ul, 624ul, 397ul, 31ul, 2567483615u, 11ul, 4294967295u, 7ul, 2636928640u, 15ul, 4022730752u, 18ul, 1812433253u> >(std::mersenne_twister_engine<unsigned int, 32ul, 624ul, 397ul, 31ul, 2567483615u, 11ul, 4294967295u, 7ul, 2636928640u, 15ul, 4022730752u, 18ul, 1812433253u>&)'
remark: C:/Xilinx/Vitis_HLS/2023.2/tps/mingw/8.3.0/win64.o/nt\lib\gcc\x86_64-w64-mingw32\8.3.0\include\c++\bits/random.tcc:3316:0: Inlining function 'std::mersenne_twister_engine<unsigned int, 32ul, 624ul, 397ul, 31ul, 2567483615u, 11ul, 4294967295u, 7ul, 2636928640u, 15ul, 4022730752u, 18ul, 1812433253u>::operator()()' into 'double std::generate_canonical<double, 53ul, std::mersenne_twister_engine<unsigned int, 32ul, 624ul, 397ul, 31ul, 2567483615u, 11ul, 4294967295u, 7ul, 2636928640u, 15ul, 4022730752u, 18ul, 1812433253u> >(std::mersenne_twister_engine<unsigned int, 32ul, 624ul, 397ul, 31ul, 2567483615u, 11ul, 4294967295u, 7ul, 2636928640u, 15ul, 4022730752u, 18ul, 1812433253u>&)'
remark: C:/Xilinx/Vitis_HLS/2023.2/tps/mingw/8.3.0/win64.o/nt\lib\gcc\x86_64-w64-mingw32\8.3.0\include\c++\bits/random.tcc:3316:0: Inlining function 'nextafter' into 'double std::generate_canonical<double, 53ul, std::mersenne_twister_engine<unsigned int, 32ul, 624ul, 397ul, 31ul, 2567483615u, 11ul, 4294967295u, 7ul, 2636928640u, 15ul, 4022730752u, 18ul, 1812433253u> >(std::mersenne_twister_engine<unsigned int, 32ul, 624ul, 397ul, 31ul, 2567483615u, 11ul, 4294967295u, 7ul, 2636928640u, 15ul, 4022730752u, 18ul, 1812433253u>&)'
remark: C:/Xilinx/Vitis_HLS/2023.2/tps/mingw/8.3.0/win64.o/nt\lib\gcc\x86_64-w64-mingw32\8.3.0\include\c++\bits/random.h:1820:0: Inlining function 'std::__detail::_Adaptor<std::mersenne_twister_engine<unsigned int, 32ul, 624ul, 397ul, 31ul, 2567483615u, 11ul, 4294967295u, 7ul, 2636928640u, 15ul, 4022730752u, 18ul, 1812433253u>, double>::_Adaptor(std::mersenne_twister_engine<unsigned int, 32ul, 624ul, 397ul, 31ul, 2567483615u, 11ul, 4294967295u, 7ul, 2636928640u, 15ul, 4022730752u, 18ul, 1812433253u>&)' into 'double std::uniform_real_distribution<double>::operator()<std::mersenne_twister_engine<unsigned int, 32ul, 624ul, 397ul, 31ul, 2567483615u, 11ul, 4294967295u, 7ul, 2636928640u, 15ul, 4022730752u, 18ul, 1812433253u> >(std::mersenne_twister_engine<unsigned int, 32ul, 624ul, 397ul, 31ul, 2567483615u, 11ul, 4294967295u, 7ul, 2636928640u, 15ul, 4022730752u, 18ul, 1812433253u>&, std::uniform_real_distribution<double>::param_type const&)'
remark: C:/Xilinx/Vitis_HLS/2023.2/tps/mingw/8.3.0/win64.o/nt\lib\gcc\x86_64-w64-mingw32\8.3.0\include\c++\bits/random.h:1820:0: Inlining function 'std::__detail::_Adaptor<std::mersenne_twister_engine<unsigned int, 32ul, 624ul, 397ul, 31ul, 2567483615u, 11ul, 4294967295u, 7ul, 2636928640u, 15ul, 4022730752u, 18ul, 1812433253u>, double>::operator()()' into 'double std::uniform_real_distribution<double>::operator()<std::mersenne_twister_engine<unsigned int, 32ul, 624ul, 397ul, 31ul, 2567483615u, 11ul, 4294967295u, 7ul, 2636928640u, 15ul, 4022730752u, 18ul, 1812433253u> >(std::mersenne_twister_engine<unsigned int, 32ul, 624ul, 397ul, 31ul, 2567483615u, 11ul, 4294967295u, 7ul, 2636928640u, 15ul, 4022730752u, 18ul, 1812433253u>&, std::uniform_real_distribution<double>::param_type const&)'
remark: C:/Xilinx/Vitis_HLS/2023.2/tps/mingw/8.3.0/win64.o/nt\lib\gcc\x86_64-w64-mingw32\8.3.0\include\c++\bits/random.h:1814:0: Inlining function 'double std::uniform_real_distribution<double>::operator()<std::mersenne_twister_engine<unsigned int, 32ul, 624ul, 397ul, 31ul, 2567483615u, 11ul, 4294967295u, 7ul, 2636928640u, 15ul, 4022730752u, 18ul, 1812433253u> >(std::mersenne_twister_engine<unsigned int, 32ul, 624ul, 397ul, 31ul, 2567483615u, 11ul, 4294967295u, 7ul, 2636928640u, 15ul, 4022730752u, 18ul, 1812433253u>&, std::uniform_real_distribution<double>::param_type const&)' into 'double std::uniform_real_distribution<double>::operator()<std::mersenne_twister_engine<unsigned int, 32ul, 624ul, 397ul, 31ul, 2567483615u, 11ul, 4294967295u, 7ul, 2636928640u, 15ul, 4022730752u, 18ul, 1812433253u> >(std::mersenne_twister_engine<unsigned int, 32ul, 624ul, 397ul, 31ul, 2567483615u, 11ul, 4294967295u, 7ul, 2636928640u, 15ul, 4022730752u, 18ul, 1812433253u>&)'
remark: src/neuron.cpp:4:0: Inlining function 'NeuronaLIF::incPotencialMembrana(double)' into 'integrarEntradas(double*, int, NeuronaLIF*)'
remark: src/neuron.cpp:17:0: Inlining function 'NeuronaLIF::getEstado() const' into 'simulate(double*, int, NeuronaLIF*)'
remark: src/neuron.cpp:17:0: Inlining function 'NeuronaLIF::getPotencialMembrana() const' into 'simulate(double*, int, NeuronaLIF*)'
remark: src/neuron.cpp:17:0: Inlining function 'NeuronaLIF::getDecayFactor() const' into 'simulate(double*, int, NeuronaLIF*)'
remark: src/neuron.cpp:17:0: Inlining function 'NeuronaLIF::getPotencialReposo() const' into 'simulate(double*, int, NeuronaLIF*)'
remark: src/neuron.cpp:17:0: Inlining function 'NeuronaLIF::setPotencialMembrana(double)' into 'simulate(double*, int, NeuronaLIF*)'
remark: src/neuron.cpp:17:0: Inlining function 'integrarEntradas(double*, int, NeuronaLIF*)' into 'simulate(double*, int, NeuronaLIF*)'
remark: src/neuron.cpp:17:0: Inlining function 'NeuronaLIF::getThr() const' into 'simulate(double*, int, NeuronaLIF*)'
remark: src/neuron.cpp:17:0: Inlining function 'NeuronaLIF::setPotencialSalida(double)' into 'simulate(double*, int, NeuronaLIF*)'
remark: src/neuron.cpp:17:0: Inlining function 'NeuronaLIF::setEstado(EstadoNeurona)' into 'simulate(double*, int, NeuronaLIF*)'
remark: src/neuron.cpp:17:0: Inlining function 'NeuronaLIF::getPotencialSalida() const' into 'simulate(double*, int, NeuronaLIF*)'
remark: src/neuron.cpp:17:0: Inlining function 'NeuronaLIF::getConteoRefractario() const' into 'simulate(double*, int, NeuronaLIF*)'
remark: src/neuron.cpp:17:0: Inlining function 'NeuronaLIF::getCooldown() const' into 'simulate(double*, int, NeuronaLIF*)'
remark: src/neuron.cpp:17:0: Inlining function 'NeuronaLIF::incConteoRefractario()' into 'simulate(double*, int, NeuronaLIF*)'
remark: src/neuron.cpp:17:0: Inlining function 'NeuronaLIF::rstConteoRefractario()' into 'simulate(double*, int, NeuronaLIF*)'
remark: C:/Xilinx/Vitis_HLS/2023.2/tps/mingw/8.3.0/win64.o/nt\lib\gcc\x86_64-w64-mingw32\8.3.0\include\c++\bits/alloc_traits.h:462:0: Inlining function '__gnu_cxx::new_allocator<NeuronaLIF>::deallocate(NeuronaLIF*, unsigned long)' into 'std::allocator_traits<std::allocator<NeuronaLIF> >::deallocate(std::allocator<NeuronaLIF>&, NeuronaLIF*, unsigned long)'
remark: C:/Xilinx/Vitis_HLS/2023.2/tps/mingw/8.3.0/win64.o/nt\lib\gcc\x86_64-w64-mingw32\8.3.0\include\c++\bits/stl_vector.h:301:0: Inlining function 'std::allocator_traits<std::allocator<NeuronaLIF> >::deallocate(std::allocator<NeuronaLIF>&, NeuronaLIF*, unsigned long)' into 'std::_Vector_base<NeuronaLIF, std::allocator<NeuronaLIF> >::_M_deallocate(NeuronaLIF*, unsigned long)'
remark: C:/Xilinx/Vitis_HLS/2023.2/tps/mingw/8.3.0/win64.o/nt\lib\gcc\x86_64-w64-mingw32\8.3.0\include\c++\bits/stl_vector.h:284:0: Inlining function 'std::_Vector_base<NeuronaLIF, std::allocator<NeuronaLIF> >::_M_deallocate(NeuronaLIF*, unsigned long)' into 'std::_Vector_base<NeuronaLIF, std::allocator<NeuronaLIF> >::~_Vector_base()'
remark: C:/Xilinx/Vitis_HLS/2023.2/tps/mingw/8.3.0/win64.o/nt\lib\gcc\x86_64-w64-mingw32\8.3.0\include\c++\bits/stl_vector.h:566:0: Inlining function 'std::_Vector_base<NeuronaLIF, std::allocator<NeuronaLIF> >::~_Vector_base()' into 'std::vector<NeuronaLIF, std::allocator<NeuronaLIF> >::~vector()'
remark: src/snn.cpp:3:0: Inlining function 'std::vector<NeuronaLIF, std::allocator<NeuronaLIF> >::vector(unsigned long, std::allocator<NeuronaLIF> const&)' into 'simulate_SNN()'
remark: src/snn.cpp:3:0: Inlining function 'std::random_device::random_device(std::__cxx11::basic_string<char, std::char_traits<char>, std::allocator<char> > const&)' into 'simulate_SNN()'
remark: src/snn.cpp:3:0: Inlining function 'std::random_device::operator()()' into 'simulate_SNN()'
remark: src/snn.cpp:3:0: Inlining function 'std::mersenne_twister_engine<unsigned int, 32ul, 624ul, 397ul, 31ul, 2567483615u, 11ul, 4294967295u, 7ul, 2636928640u, 15ul, 4022730752u, 18ul, 1812433253u>::mersenne_twister_engine(unsigned int)' into 'simulate_SNN()'
remark: src/snn.cpp:3:0: Inlining function 'std::vector<NeuronaLIF, std::allocator<NeuronaLIF> >::operator[](unsigned long)' into 'simulate_SNN()'
remark: src/snn.cpp:3:0: Inlining function 'double std::uniform_real_distribution<double>::operator()<std::mersenne_twister_engine<unsigned int, 32ul, 624ul, 397ul, 31ul, 2567483615u, 11ul, 4294967295u, 7ul, 2636928640u, 15ul, 4022730752u, 18ul, 1812433253u> >(std::mersenne_twister_engine<unsigned int, 32ul, 624ul, 397ul, 31ul, 2567483615u, 11ul, 4294967295u, 7ul, 2636928640u, 15ul, 4022730752u, 18ul, 1812433253u>&)' into 'simulate_SNN()'
remark: src/snn.cpp:3:0: Inlining function 'NeuronaLIF::getPotencialSalida() const' into 'simulate_SNN()'
remark: src/snn.cpp:3:0: Inlining function 'std::vector<NeuronaLIF, std::allocator<NeuronaLIF> >::~vector()' into 'simulate_SNN()'
error: C:/Xilinx/Vitis_HLS/2023.2/tps/mingw/8.3.0/win64.o/nt\lib\gcc\x86_64-w64-mingw32\8.3.0\include\c++\ext/new_allocator.h:111:27: in function 'simulate_SNN()': Undefined function operator new
error: C:/Xilinx/Vitis_HLS/2023.2/tps/mingw/8.3.0/win64.o/nt\lib\gcc\x86_64-w64-mingw32\8.3.0\include\c++\ext/new_allocator.h:111:27: in function 'simulate_SNN()': Undefined function operator new
error: C:/Xilinx/Vitis_HLS/2023.2/tps/mingw/8.3.0/win64.o/nt\lib\gcc\x86_64-w64-mingw32\8.3.0\include\c++\ext/new_allocator.h:111:27: in function 'simulate_SNN()': Undefined function operator new
error: src/snn.cpp:10:24: in function 'simulate_SNN()': Undefined function std::allocator<char>::allocator
error: src/snn.cpp:10:24: in function 'simulate_SNN()': Undefined function std::__cxx11::basic_string<char, std::char_traits<char>, std::allocator<char> >::basic_string
error: C:/Xilinx/Vitis_HLS/2023.2/tps/mingw/8.3.0/win64.o/nt\lib\gcc\x86_64-w64-mingw32\8.3.0\include\c++\bits/random.h:1583:7: in function 'simulate_SNN()': Undefined function std::random_device::_M_init_pretr1
error: src/snn.cpp:10:24: in function 'simulate_SNN()': Undefined function std::__cxx11::basic_string<char, std::char_traits<char>, std::allocator<char> >::~basic_string
error: src/snn.cpp:10:24: in function 'simulate_SNN()': Undefined function std::allocator<char>::~allocator
error: C:/Xilinx/Vitis_HLS/2023.2/tps/mingw/8.3.0/win64.o/nt\lib\gcc\x86_64-w64-mingw32\8.3.0\include\c++\bits/random.h:1613:20: in function 'simulate_SNN()': Undefined function std::random_device::_M_getval_pretr1
error: C:/Xilinx/Vitis_HLS/2023.2/tps/mingw/8.3.0/win64.o/nt\lib\gcc\x86_64-w64-mingw32\8.3.0\include\c++\bits/random.h:179:11: in function 'simulate_SNN()': Unsupported std function std::generate_canonical<double, 53ul, std::mersenne_twister_engine<unsigned int, 32ul, 624ul, 397ul, 31ul, 2567483615u, 11ul, 4294967295u, 7ul, 2636928640u, 15ul, 4022730752u, 18ul, 1812433253u> >
error: C:/Xilinx/Vitis_HLS/2023.2/tps/mingw/8.3.0/win64.o/nt\lib\gcc\x86_64-w64-mingw32\8.3.0\include\c++\ext/new_allocator.h:125:2: in function 'simulate_SNN()': Undefined function operator delete
error: C:/Xilinx/Vitis_HLS/2023.2/tps/mingw/8.3.0/win64.o/nt\lib\gcc\x86_64-w64-mingw32\8.3.0\include\c++\ext/new_allocator.h:125:2: in function 'simulate_SNN()': Undefined function operator delete
error: C:/Xilinx/Vitis_HLS/2023.2/tps/mingw/8.3.0/win64.o/nt\lib\gcc\x86_64-w64-mingw32\8.3.0\include\c++\ext/new_allocator.h:125:2: in function 'simulate_SNN()': Undefined function operator delete
error: Syn check fail!
