INFO: [SIM 2] *************** CSIM start ***************
INFO: [SIM 4] CSIM will launch GCC as the compiler.
   Compiling ../../../../src/snn.cpp in debug mode
   Generating csim.exe
Corrientes de entrada 1:
Entrada neurona 1: 2
Entrada neurona 2: 2
Integrando entradas...
Integrando entradas...

RESULTADOS CAPA 1: 
Neurona 1
Potencial de la membrana de la neurona: 2
Potencial de salida de la neurona: 0
Neurona 2
Potencial de la membrana de la neurona: 2
Potencial de salida de la neurona: 0
Integrando entradas...
Integrando entradas...
Integrando entradas...

RESULTADOS CAPA 2: 
Neurona 1
Potencial de la membrana de la neurona: 0
Potencial de salida de la neurona: 0
Neurona 2
Potencial de la membrana de la neurona: 0
Potencial de salida de la neurona: 0
Neurona 3
Potencial de la membrana de la neurona: 0
Potencial de salida de la neurona: 0
Integrando entradas...

RESULTADOS CAPA 3: 
Neurona 1
Potencial de la membrana de la neurona: 0
Potencial de salida de la neurona: 0

Corrientes de entrada 2:
Entrada neurona 1: 2
Entrada neurona 2: 2
Integrando entradas...
Integrando entradas...

RESULTADOS CAPA 1: 
Neurona 1
Potencial de la membrana de la neurona: 3.9801
Potencial de salida de la neurona: 0
Neurona 2
Potencial de la membrana de la neurona: 3.9801
Potencial de salida de la neurona: 0
Integrando entradas...
Integrando entradas...
Integrando entradas...

RESULTADOS CAPA 2: 
Neurona 1
Potencial de la membrana de la neurona: 0
Potencial de salida de la neurona: 0
Neurona 2
Potencial de la membrana de la neurona: 0
Potencial de salida de la neurona: 0
Neurona 3
Potencial de la membrana de la neurona: 0
Potencial de salida de la neurona: 0
Integrando entradas...

RESULTADOS CAPA 3: 
Neurona 1
Potencial de la membrana de la neurona: 0
Potencial de salida de la neurona: 0

Corrientes de entrada 3:
Entrada neurona 1: 2
Entrada neurona 2: 2
Integrando entradas...
Integrando entradas...

RESULTADOS CAPA 1: 
Neurona 1
Potencial de la membrana de la neurona: 5.9405
Potencial de salida de la neurona: 0
Neurona 2
Potencial de la membrana de la neurona: 5.9405
Potencial de salida de la neurona: 0
Integrando entradas...
Integrando entradas...
Integrando entradas...

RESULTADOS CAPA 2: 
Neurona 1
Potencial de la membrana de la neurona: 0
Potencial de salida de la neurona: 0
Neurona 2
Potencial de la membrana de la neurona: 0
Potencial de salida de la neurona: 0
Neurona 3
Potencial de la membrana de la neurona: 0
Potencial de salida de la neurona: 0
Integrando entradas...

RESULTADOS CAPA 3: 
Neurona 1
Potencial de la membrana de la neurona: 0
Potencial de salida de la neurona: 0

Corrientes de entrada 4:
Entrada neurona 1: 2
Entrada neurona 2: 2
Integrando entradas...
Neurona disparada!
Integrando entradas...
Neurona disparada!

RESULTADOS CAPA 1: 
Neurona 1
Potencial de la membrana de la neurona: 0
Potencial de salida de la neurona: 2
Neurona 2
Potencial de la membrana de la neurona: 0
Potencial de salida de la neurona: 2
Integrando entradas...
Integrando entradas...
Integrando entradas...

RESULTADOS CAPA 2: 
Neurona 1
Potencial de la membrana de la neurona: 4
Potencial de salida de la neurona: 0
Neurona 2
Potencial de la membrana de la neurona: 4
Potencial de salida de la neurona: 0
Neurona 3
Potencial de la membrana de la neurona: 4
Potencial de salida de la neurona: 0
Integrando entradas...

RESULTADOS CAPA 3: 
Neurona 1
Potencial de la membrana de la neurona: 0
Potencial de salida de la neurona: 0

Corrientes de entrada 5:
Entrada neurona 1: 0
Entrada neurona 2: 0

RESULTADOS CAPA 1: 
Neurona 1
Potencial de la membrana de la neurona: 0
Potencial de salida de la neurona: 0
Neurona 2
Potencial de la membrana de la neurona: 0
Potencial de salida de la neurona: 0
Integrando entradas...
Integrando entradas...
Integrando entradas...

RESULTADOS CAPA 2: 
Neurona 1
Potencial de la membrana de la neurona: 3.9602
Potencial de salida de la neurona: 0
Neurona 2
Potencial de la membrana de la neurona: 3.9602
Potencial de salida de la neurona: 0
Neurona 3
Potencial de la membrana de la neurona: 3.9602
Potencial de salida de la neurona: 0
Integrando entradas...

RESULTADOS CAPA 3: 
Neurona 1
Potencial de la membrana de la neurona: 0
Potencial de salida de la neurona: 0

Corrientes de entrada 6:
Entrada neurona 1: 2
Entrada neurona 2: 0

RESULTADOS CAPA 1: 
Neurona 1
Potencial de la membrana de la neurona: 0
Potencial de salida de la neurona: 0
Neurona 2
Potencial de la membrana de la neurona: 0
Potencial de salida de la neurona: 0
Integrando entradas...
Integrando entradas...
Integrando entradas...

RESULTADOS CAPA 2: 
Neurona 1
Potencial de la membrana de la neurona: 3.92079
Potencial de salida de la neurona: 0
Neurona 2
Potencial de la membrana de la neurona: 3.92079
Potencial de salida de la neurona: 0
Neurona 3
Potencial de la membrana de la neurona: 3.92079
Potencial de salida de la neurona: 0
Integrando entradas...

RESULTADOS CAPA 3: 
Neurona 1
Potencial de la membrana de la neurona: 0
Potencial de salida de la neurona: 0

Corrientes de entrada 7:
Entrada neurona 1: 2
Entrada neurona 2: 0
Integrando entradas...
Integrando entradas...

RESULTADOS CAPA 1: 
Neurona 1
Potencial de la membrana de la neurona: 2
Potencial de salida de la neurona: 0
Neurona 2
Potencial de la membrana de la neurona: 0
Potencial de salida de la neurona: 0
Integrando entradas...
Integrando entradas...
Integrando entradas...

RESULTADOS CAPA 2: 
Neurona 1
Potencial de la membrana de la neurona: 3.88178
Potencial de salida de la neurona: 0
Neurona 2
Potencial de la membrana de la neurona: 3.88178
Potencial de salida de la neurona: 0
Neurona 3
Potencial de la membrana de la neurona: 3.88178
Potencial de salida de la neurona: 0
Integrando entradas...

RESULTADOS CAPA 3: 
Neurona 1
Potencial de la membrana de la neurona: 0
Potencial de salida de la neurona: 0

Corrientes de entrada 8:
Entrada neurona 1: 2
Entrada neurona 2: 0
Integrando entradas...
Integrando entradas...

RESULTADOS CAPA 1: 
Neurona 1
Potencial de la membrana de la neurona: 3.9801
Potencial de salida de la neurona: 0
Neurona 2
Potencial de la membrana de la neurona: 0
Potencial de salida de la neurona: 0
Integrando entradas...
Integrando entradas...
Integrando entradas...

RESULTADOS CAPA 2: 
Neurona 1
Potencial de la membrana de la neurona: 3.84316
Potencial de salida de la neurona: 0
Neurona 2
Potencial de la membrana de la neurona: 3.84316
Potencial de salida de la neurona: 0
Neurona 3
Potencial de la membrana de la neurona: 3.84316
Potencial de salida de la neurona: 0
Integrando entradas...

RESULTADOS CAPA 3: 
Neurona 1
Potencial de la membrana de la neurona: 0
Potencial de salida de la neurona: 0

Corrientes de entrada 9:
Entrada neurona 1: 0
Entrada neurona 2: 0
Integrando entradas...
Integrando entradas...

RESULTADOS CAPA 1: 
Neurona 1
Potencial de la membrana de la neurona: 3.9405
Potencial de salida de la neurona: 0
Neurona 2
Potencial de la membrana de la neurona: 0
Potencial de salida de la neurona: 0
Integrando entradas...
Integrando entradas...
Integrando entradas...

RESULTADOS CAPA 2: 
Neurona 1
Potencial de la membrana de la neurona: 3.80492
Potencial de salida de la neurona: 0
Neurona 2
Potencial de la membrana de la neurona: 3.80492
Potencial de salida de la neurona: 0
Neurona 3
Potencial de la membrana de la neurona: 3.80492
Potencial de salida de la neurona: 0
Integrando entradas...

RESULTADOS CAPA 3: 
Neurona 1
Potencial de la membrana de la neurona: 0
Potencial de salida de la neurona: 0

Corrientes de entrada 10:
Entrada neurona 1: 2
Entrada neurona 2: 2
Integrando entradas...
Integrando entradas...

RESULTADOS CAPA 1: 
Neurona 1
Potencial de la membrana de la neurona: 5.90129
Potencial de salida de la neurona: 0
Neurona 2
Potencial de la membrana de la neurona: 2
Potencial de salida de la neurona: 0
Integrando entradas...
Integrando entradas...
Integrando entradas...

RESULTADOS CAPA 2: 
Neurona 1
Potencial de la membrana de la neurona: 3.76706
Potencial de salida de la neurona: 0
Neurona 2
Potencial de la membrana de la neurona: 3.76706
Potencial de salida de la neurona: 0
Neurona 3
Potencial de la membrana de la neurona: 3.76706
Potencial de salida de la neurona: 0
Integrando entradas...

RESULTADOS CAPA 3: 
Neurona 1
Potencial de la membrana de la neurona: 0
Potencial de salida de la neurona: 0

INFO: [SIM 1] CSim done with 0 errors.
INFO: [SIM 3] *************** CSIM finish ***************
